  [4;36;1mSQL (0.7ms)[0m   [0;1mSET NAMES 'utf8'[0m
  [4;35;1mSQL (0.7ms)[0m   [0mSET SQL_AUTO_IS_NULL=0[0m
  [4;36;1mSQL (1.0ms)[0m   [0;1mSHOW TABLES[0m
  [4;35;1mSQL (15.4ms)[0m   [0mCREATE TABLE `schema_migrations` (`version` varchar(255) NOT NULL) ENGINE=InnoDB[0m
  [4;36;1mSQL (8.9ms)[0m   [0;1mCREATE UNIQUE INDEX `unique_schema_migrations` ON `schema_migrations` (`version`)[0m
  [4;35;1mSQL (0.6ms)[0m   [0mSHOW TABLES[0m
  [4;36;1mSQL (0.9ms)[0m   [0;1mSHOW TABLES[0m
  [4;35;1mSQL (1.0ms)[0m   [0mSELECT version FROM schema_migrations[0m
  [4;36;1mSQL (0.6ms)[0m   [0;1mSHOW TABLES[0m
  [4;36;1mSQL (0.6ms)[0m   [0;1mSET NAMES 'utf8'[0m
  [4;35;1mSQL (0.8ms)[0m   [0mSET SQL_AUTO_IS_NULL=0[0m


Processing ApplicationController#new (for 127.0.0.1 at 2010-03-31 13:35:13) [GET]
  Parameters: {"action"=>"new", "controller"=>"user_sessions"}

NameError (uninitialized constant UserSessionsController):
  /home/blatyo/.rvm/rubies/ruby-1.8.7-p249/lib/ruby/1.8/webrick/httpserver.rb:104:in `service'
  /home/blatyo/.rvm/rubies/ruby-1.8.7-p249/lib/ruby/1.8/webrick/httpserver.rb:65:in `run'
  /home/blatyo/.rvm/rubies/ruby-1.8.7-p249/lib/ruby/1.8/webrick/server.rb:173:in `start_thread'
  /home/blatyo/.rvm/rubies/ruby-1.8.7-p249/lib/ruby/1.8/webrick/server.rb:162:in `start'
  /home/blatyo/.rvm/rubies/ruby-1.8.7-p249/lib/ruby/1.8/webrick/server.rb:162:in `start_thread'
  /home/blatyo/.rvm/rubies/ruby-1.8.7-p249/lib/ruby/1.8/webrick/server.rb:95:in `start'
  /home/blatyo/.rvm/rubies/ruby-1.8.7-p249/lib/ruby/1.8/webrick/server.rb:92:in `each'
  /home/blatyo/.rvm/rubies/ruby-1.8.7-p249/lib/ruby/1.8/webrick/server.rb:92:in `start'
  /home/blatyo/.rvm/rubies/ruby-1.8.7-p249/lib/ruby/1.8/webrick/server.rb:23:in `start'
  /home/blatyo/.rvm/rubies/ruby-1.8.7-p249/lib/ruby/1.8/webrick/server.rb:82:in `start'

Rendered rescues/_trace (39.5ms)
Rendered rescues/_request_and_response (2.8ms)
Rendering rescues/layout (internal_server_error)
  [4;36;1mSQL (0.6ms)[0m   [0;1mSET NAMES 'utf8'[0m
  [4;35;1mSQL (0.4ms)[0m   [0mSET SQL_AUTO_IS_NULL=0[0m
  [4;36;1mSQL (1.2ms)[0m   [0;1mSHOW TABLES[0m
  [4;35;1mSQL (0.6ms)[0m   [0mSELECT version FROM schema_migrations[0m
Migrating to CreateUsers (20100331170715)
  [4;36;1mSQL (8.4ms)[0m   [0;1mCREATE TABLE `users` (`id` int(11) DEFAULT NULL auto_increment PRIMARY KEY, `login` varchar(255) NOT NULL, `email` varchar(255) NOT NULL, `crypted_password` varchar(255) NOT NULL, `password_salt` varchar(255) NOT NULL, `persistence_token` varchar(255) NOT NULL, `single_access_token` varchar(255) NOT NULL, `perishable_token` varchar(255) NOT NULL, `login_count` int(11) DEFAULT 0 NOT NULL, `failed_login_count` int(11) DEFAULT 0 NOT NULL, `last_request_at` datetime, `current_login_at` datetime, `last_login_at` datetime, `current_login_ip` varchar(255), `last_login_ip` varchar(255), `created_at` datetime, `updated_at` datetime) ENGINE=InnoDB[0m
  [4;35;1mSQL (1.7ms)[0m   [0mINSERT INTO schema_migrations (version) VALUES ('20100331170715')[0m
  [4;36;1mSQL (0.7ms)[0m   [0;1mSHOW TABLES[0m
  [4;35;1mSQL (0.8ms)[0m   [0mSELECT version FROM schema_migrations[0m
  [4;36;1mSQL (0.7ms)[0m   [0;1mSHOW TABLES[0m
  [4;35;1mSQL (5.2ms)[0m   [0mSHOW FIELDS FROM `users`[0m
  [4;36;1mSQL (4.0ms)[0m   [0;1mdescribe `users`[0m
  [4;35;1mSQL (1.8ms)[0m   [0mSHOW KEYS FROM `users`[0m
  [4;36;1mSQL (0.9ms)[0m   [0;1mSET NAMES 'utf8'[0m
  [4;35;1mSQL (0.5ms)[0m   [0mSET SQL_AUTO_IS_NULL=0[0m


Processing ApplicationController#new (for 127.0.0.1 at 2010-03-31 13:38:44) [GET]
  Parameters: {"action"=>"new", "controller"=>"user_sessions"}

NameError (uninitialized constant UserSessionsController):
  /home/blatyo/.rvm/rubies/ruby-1.8.7-p249/lib/ruby/1.8/webrick/httpserver.rb:104:in `service'
  /home/blatyo/.rvm/rubies/ruby-1.8.7-p249/lib/ruby/1.8/webrick/httpserver.rb:65:in `run'
  /home/blatyo/.rvm/rubies/ruby-1.8.7-p249/lib/ruby/1.8/webrick/server.rb:173:in `start_thread'
  /home/blatyo/.rvm/rubies/ruby-1.8.7-p249/lib/ruby/1.8/webrick/server.rb:162:in `start'
  /home/blatyo/.rvm/rubies/ruby-1.8.7-p249/lib/ruby/1.8/webrick/server.rb:162:in `start_thread'
  /home/blatyo/.rvm/rubies/ruby-1.8.7-p249/lib/ruby/1.8/webrick/server.rb:95:in `start'
  /home/blatyo/.rvm/rubies/ruby-1.8.7-p249/lib/ruby/1.8/webrick/server.rb:92:in `each'
  /home/blatyo/.rvm/rubies/ruby-1.8.7-p249/lib/ruby/1.8/webrick/server.rb:92:in `start'
  /home/blatyo/.rvm/rubies/ruby-1.8.7-p249/lib/ruby/1.8/webrick/server.rb:23:in `start'
  /home/blatyo/.rvm/rubies/ruby-1.8.7-p249/lib/ruby/1.8/webrick/server.rb:82:in `start'

Rendered rescues/_trace (39.4ms)
Rendered rescues/_request_and_response (1.5ms)
Rendering rescues/layout (internal_server_error)
  [4;36;1mSQL (0.4ms)[0m   [0;1mSET NAMES 'utf8'[0m
  [4;35;1mSQL (0.4ms)[0m   [0mSET SQL_AUTO_IS_NULL=0[0m


Processing ApplicationController#new (for 127.0.0.1 at 2010-03-31 13:39:38) [GET]
  Parameters: {"action"=>"new", "controller"=>"user_sessions"}

NameError (uninitialized constant UserSessionsController):
  /home/blatyo/.rvm/rubies/ruby-1.8.7-p249/lib/ruby/1.8/webrick/httpserver.rb:104:in `service'
  /home/blatyo/.rvm/rubies/ruby-1.8.7-p249/lib/ruby/1.8/webrick/httpserver.rb:65:in `run'
  /home/blatyo/.rvm/rubies/ruby-1.8.7-p249/lib/ruby/1.8/webrick/server.rb:173:in `start_thread'
  /home/blatyo/.rvm/rubies/ruby-1.8.7-p249/lib/ruby/1.8/webrick/server.rb:162:in `start'
  /home/blatyo/.rvm/rubies/ruby-1.8.7-p249/lib/ruby/1.8/webrick/server.rb:162:in `start_thread'
  /home/blatyo/.rvm/rubies/ruby-1.8.7-p249/lib/ruby/1.8/webrick/server.rb:95:in `start'
  /home/blatyo/.rvm/rubies/ruby-1.8.7-p249/lib/ruby/1.8/webrick/server.rb:92:in `each'
  /home/blatyo/.rvm/rubies/ruby-1.8.7-p249/lib/ruby/1.8/webrick/server.rb:92:in `start'
  /home/blatyo/.rvm/rubies/ruby-1.8.7-p249/lib/ruby/1.8/webrick/server.rb:23:in `start'
  /home/blatyo/.rvm/rubies/ruby-1.8.7-p249/lib/ruby/1.8/webrick/server.rb:82:in `start'

Rendered rescues/_trace (193.5ms)
Rendered rescues/_request_and_response (0.8ms)
Rendering rescues/layout (internal_server_error)
  [4;36;1mSQL (0.5ms)[0m   [0;1mSET NAMES 'utf8'[0m
  [4;35;1mSQL (1.7ms)[0m   [0mSET SQL_AUTO_IS_NULL=0[0m


Processing UserSessionsController#new (for 127.0.0.1 at 2010-03-31 13:42:08) [GET]
  Parameters: {"action"=>"new", "controller"=>"user_sessions"}

NoMethodError (undefined method `require_no_user' for #<UserSessionsController:0xb732d8b0>):
  /home/blatyo/.rvm/rubies/ruby-1.8.7-p249/lib/ruby/1.8/webrick/httpserver.rb:104:in `service'
  /home/blatyo/.rvm/rubies/ruby-1.8.7-p249/lib/ruby/1.8/webrick/httpserver.rb:65:in `run'
  /home/blatyo/.rvm/rubies/ruby-1.8.7-p249/lib/ruby/1.8/webrick/server.rb:173:in `start_thread'
  /home/blatyo/.rvm/rubies/ruby-1.8.7-p249/lib/ruby/1.8/webrick/server.rb:162:in `start'
  /home/blatyo/.rvm/rubies/ruby-1.8.7-p249/lib/ruby/1.8/webrick/server.rb:162:in `start_thread'
  /home/blatyo/.rvm/rubies/ruby-1.8.7-p249/lib/ruby/1.8/webrick/server.rb:95:in `start'
  /home/blatyo/.rvm/rubies/ruby-1.8.7-p249/lib/ruby/1.8/webrick/server.rb:92:in `each'
  /home/blatyo/.rvm/rubies/ruby-1.8.7-p249/lib/ruby/1.8/webrick/server.rb:92:in `start'
  /home/blatyo/.rvm/rubies/ruby-1.8.7-p249/lib/ruby/1.8/webrick/server.rb:23:in `start'
  /home/blatyo/.rvm/rubies/ruby-1.8.7-p249/lib/ruby/1.8/webrick/server.rb:82:in `start'

Rendered rescues/_trace (45.7ms)
Rendered rescues/_request_and_response (0.3ms)
Rendering rescues/layout (internal_server_error)
  [4;36;1mSQL (0.9ms)[0m   [0;1mSET NAMES 'utf8'[0m
  [4;35;1mSQL (1.8ms)[0m   [0mSET SQL_AUTO_IS_NULL=0[0m


Processing UserSessionsController#new (for 127.0.0.1 at 2010-03-31 13:43:04) [GET]
  Parameters: {"action"=>"new", "controller"=>"user_sessions"}

NoMethodError (undefined method `require_no_user' for #<UserSessionsController:0xb71b0b04>):
  /home/blatyo/.rvm/rubies/ruby-1.8.7-p249/lib/ruby/1.8/webrick/httpserver.rb:104:in `service'
  /home/blatyo/.rvm/rubies/ruby-1.8.7-p249/lib/ruby/1.8/webrick/httpserver.rb:65:in `run'
  /home/blatyo/.rvm/rubies/ruby-1.8.7-p249/lib/ruby/1.8/webrick/server.rb:173:in `start_thread'
  /home/blatyo/.rvm/rubies/ruby-1.8.7-p249/lib/ruby/1.8/webrick/server.rb:162:in `start'
  /home/blatyo/.rvm/rubies/ruby-1.8.7-p249/lib/ruby/1.8/webrick/server.rb:162:in `start_thread'
  /home/blatyo/.rvm/rubies/ruby-1.8.7-p249/lib/ruby/1.8/webrick/server.rb:95:in `start'
  /home/blatyo/.rvm/rubies/ruby-1.8.7-p249/lib/ruby/1.8/webrick/server.rb:92:in `each'
  /home/blatyo/.rvm/rubies/ruby-1.8.7-p249/lib/ruby/1.8/webrick/server.rb:92:in `start'
  /home/blatyo/.rvm/rubies/ruby-1.8.7-p249/lib/ruby/1.8/webrick/server.rb:23:in `start'
  /home/blatyo/.rvm/rubies/ruby-1.8.7-p249/lib/ruby/1.8/webrick/server.rb:82:in `start'

Rendered rescues/_trace (51.5ms)
Rendered rescues/_request_and_response (0.9ms)
Rendering rescues/layout (internal_server_error)
  [4;36;1mSQL (2.3ms)[0m   [0;1mSET NAMES 'utf8'[0m
  [4;35;1mSQL (0.4ms)[0m   [0mSET SQL_AUTO_IS_NULL=0[0m


Processing UserSessionsController#new (for 127.0.0.1 at 2010-03-31 13:46:43) [GET]
  Parameters: {"action"=>"new", "controller"=>"user_sessions"}
  [4;36;1mUser Columns (5.8ms)[0m   [0;1mSHOW FIELDS FROM `users`[0m

ActionView::MissingTemplate (Missing template user_sessions/new.erb in view path app/views):
  /home/blatyo/.rvm/rubies/ruby-1.8.7-p249/lib/ruby/1.8/webrick/httpserver.rb:104:in `service'
  /home/blatyo/.rvm/rubies/ruby-1.8.7-p249/lib/ruby/1.8/webrick/httpserver.rb:65:in `run'
  /home/blatyo/.rvm/rubies/ruby-1.8.7-p249/lib/ruby/1.8/webrick/server.rb:173:in `start_thread'
  /home/blatyo/.rvm/rubies/ruby-1.8.7-p249/lib/ruby/1.8/webrick/server.rb:162:in `start'
  /home/blatyo/.rvm/rubies/ruby-1.8.7-p249/lib/ruby/1.8/webrick/server.rb:162:in `start_thread'
  /home/blatyo/.rvm/rubies/ruby-1.8.7-p249/lib/ruby/1.8/webrick/server.rb:95:in `start'
  /home/blatyo/.rvm/rubies/ruby-1.8.7-p249/lib/ruby/1.8/webrick/server.rb:92:in `each'
  /home/blatyo/.rvm/rubies/ruby-1.8.7-p249/lib/ruby/1.8/webrick/server.rb:92:in `start'
  /home/blatyo/.rvm/rubies/ruby-1.8.7-p249/lib/ruby/1.8/webrick/server.rb:23:in `start'
  /home/blatyo/.rvm/rubies/ruby-1.8.7-p249/lib/ruby/1.8/webrick/server.rb:82:in `start'

Rendering rescues/layout (internal_server_error)
  [4;35;1mSQL (0.4ms)[0m   [0mSET NAMES 'utf8'[0m
  [4;36;1mSQL (0.4ms)[0m   [0;1mSET SQL_AUTO_IS_NULL=0[0m


Processing UserSessionsController#new (for 127.0.0.1 at 2010-03-31 13:47:23) [GET]
  Parameters: {"action"=>"new", "controller"=>"user_sessions"}
  [4;35;1mUser Columns (3.3ms)[0m   [0mSHOW FIELDS FROM `users`[0m
Rendering user_sessions/new
Completed in 996ms (View: 663, DB: 4) | 200 OK [http://localhost/]
  [4;36;1mSQL (0.4ms)[0m   [0;1mSET NAMES 'utf8'[0m
  [4;35;1mSQL (0.4ms)[0m   [0mSET SQL_AUTO_IS_NULL=0[0m


Processing ApplicationController#index (for 127.0.0.1 at 2010-03-31 13:47:40) [GET]

ActionController::RoutingError (No route matches "/register" with {:method=>:get}):
  /home/blatyo/.rvm/rubies/ruby-1.8.7-p249/lib/ruby/1.8/webrick/httpserver.rb:104:in `service'
  /home/blatyo/.rvm/rubies/ruby-1.8.7-p249/lib/ruby/1.8/webrick/httpserver.rb:65:in `run'
  /home/blatyo/.rvm/rubies/ruby-1.8.7-p249/lib/ruby/1.8/webrick/server.rb:173:in `start_thread'
  /home/blatyo/.rvm/rubies/ruby-1.8.7-p249/lib/ruby/1.8/webrick/server.rb:162:in `start'
  /home/blatyo/.rvm/rubies/ruby-1.8.7-p249/lib/ruby/1.8/webrick/server.rb:162:in `start_thread'
  /home/blatyo/.rvm/rubies/ruby-1.8.7-p249/lib/ruby/1.8/webrick/server.rb:95:in `start'
  /home/blatyo/.rvm/rubies/ruby-1.8.7-p249/lib/ruby/1.8/webrick/server.rb:92:in `each'
  /home/blatyo/.rvm/rubies/ruby-1.8.7-p249/lib/ruby/1.8/webrick/server.rb:92:in `start'
  /home/blatyo/.rvm/rubies/ruby-1.8.7-p249/lib/ruby/1.8/webrick/server.rb:23:in `start'
  /home/blatyo/.rvm/rubies/ruby-1.8.7-p249/lib/ruby/1.8/webrick/server.rb:82:in `start'

Rendering rescues/layout (not_found)
  [4;36;1mSQL (0.7ms)[0m   [0;1mSET NAMES 'utf8'[0m
  [4;35;1mSQL (0.4ms)[0m   [0mSET SQL_AUTO_IS_NULL=0[0m


Processing ApplicationController#index (for 127.0.0.1 at 2010-03-31 13:47:49) [GET]

ActionController::RoutingError (No route matches "/account/create" with {:method=>:get}):
  /home/blatyo/.rvm/rubies/ruby-1.8.7-p249/lib/ruby/1.8/webrick/httpserver.rb:104:in `service'
  /home/blatyo/.rvm/rubies/ruby-1.8.7-p249/lib/ruby/1.8/webrick/httpserver.rb:65:in `run'
  /home/blatyo/.rvm/rubies/ruby-1.8.7-p249/lib/ruby/1.8/webrick/server.rb:173:in `start_thread'
  /home/blatyo/.rvm/rubies/ruby-1.8.7-p249/lib/ruby/1.8/webrick/server.rb:162:in `start'
  /home/blatyo/.rvm/rubies/ruby-1.8.7-p249/lib/ruby/1.8/webrick/server.rb:162:in `start_thread'
  /home/blatyo/.rvm/rubies/ruby-1.8.7-p249/lib/ruby/1.8/webrick/server.rb:95:in `start'
  /home/blatyo/.rvm/rubies/ruby-1.8.7-p249/lib/ruby/1.8/webrick/server.rb:92:in `each'
  /home/blatyo/.rvm/rubies/ruby-1.8.7-p249/lib/ruby/1.8/webrick/server.rb:92:in `start'
  /home/blatyo/.rvm/rubies/ruby-1.8.7-p249/lib/ruby/1.8/webrick/server.rb:23:in `start'
  /home/blatyo/.rvm/rubies/ruby-1.8.7-p249/lib/ruby/1.8/webrick/server.rb:82:in `start'

Rendering rescues/layout (not_found)
  [4;36;1mSQL (0.4ms)[0m   [0;1mSET NAMES 'utf8'[0m
  [4;35;1mSQL (0.8ms)[0m   [0mSET SQL_AUTO_IS_NULL=0[0m


Processing UsersController#new (for 127.0.0.1 at 2010-03-31 13:48:12) [GET]
  Parameters: {"action"=>"new", "controller"=>"users"}
  [4;36;1mUser Columns (3.9ms)[0m   [0;1mSHOW FIELDS FROM `users`[0m
Rendering users/new

ActionView::TemplateError (undefined method `password' for #<User:0xb75fa7b4>) on line #5 of app/views/users/_form.erb:
2: <%= form.text_field :login %><br />
3: <br />
4: <%= form.label :password, form.object.new_record? ? nil : "Change password" %><br />
5: <%= form.password_field :password %><br />
6: <br />
7: <%= form.label :password_confirmation %><br />
8: <%= form.password_field :password_confirmation %><br />

    app/views/users/_form.erb:5
    app/views/users/new.html.erb:5
    app/views/users/new.html.erb:3
    /home/blatyo/.rvm/rubies/ruby-1.8.7-p249/lib/ruby/1.8/webrick/httpserver.rb:104:in `service'
    /home/blatyo/.rvm/rubies/ruby-1.8.7-p249/lib/ruby/1.8/webrick/httpserver.rb:65:in `run'
    /home/blatyo/.rvm/rubies/ruby-1.8.7-p249/lib/ruby/1.8/webrick/server.rb:173:in `start_thread'
    /home/blatyo/.rvm/rubies/ruby-1.8.7-p249/lib/ruby/1.8/webrick/server.rb:162:in `start'
    /home/blatyo/.rvm/rubies/ruby-1.8.7-p249/lib/ruby/1.8/webrick/server.rb:162:in `start_thread'
    /home/blatyo/.rvm/rubies/ruby-1.8.7-p249/lib/ruby/1.8/webrick/server.rb:95:in `start'
    /home/blatyo/.rvm/rubies/ruby-1.8.7-p249/lib/ruby/1.8/webrick/server.rb:92:in `each'
    /home/blatyo/.rvm/rubies/ruby-1.8.7-p249/lib/ruby/1.8/webrick/server.rb:92:in `start'
    /home/blatyo/.rvm/rubies/ruby-1.8.7-p249/lib/ruby/1.8/webrick/server.rb:23:in `start'
    /home/blatyo/.rvm/rubies/ruby-1.8.7-p249/lib/ruby/1.8/webrick/server.rb:82:in `start'

Rendered rescues/_trace (66.1ms)
Rendered rescues/_request_and_response (1.7ms)
Rendering rescues/layout (internal_server_error)
  [4;35;1mSQL (0.8ms)[0m   [0mSET NAMES 'utf8'[0m
  [4;36;1mSQL (0.6ms)[0m   [0;1mSET SQL_AUTO_IS_NULL=0[0m


Processing UsersController#new (for 127.0.0.1 at 2010-03-31 13:51:33) [GET]
  Parameters: {"action"=>"new", "controller"=>"users"}
  [4;35;1mUser Columns (2.7ms)[0m   [0mSHOW FIELDS FROM `users`[0m
Rendering users/new
Rendered users/_form (1.7ms)
Completed in 500ms (View: 89, DB: 4) | 200 OK [http://localhost/account/new]
  [4;36;1mSQL (0.5ms)[0m   [0;1mSET NAMES 'utf8'[0m
  [4;35;1mSQL (0.7ms)[0m   [0mSET SQL_AUTO_IS_NULL=0[0m


Processing UsersController#create (for 127.0.0.1 at 2010-03-31 13:51:55) [POST]
  Parameters: {"commit"=>"Register", "action"=>"create", "authenticity_token"=>"MJHuwXpyAnjwkJvzwTMaagKwaz6JieSwdW/p9OilkJU=", "controller"=>"users", "user"=>{"password_confirmation"=>"[FILTERED]", "password"=>"[FILTERED]", "login"=>"blatyo"}}
  [4;36;1mUser Columns (4.3ms)[0m   [0;1mSHOW FIELDS FROM `users`[0m
  [4;35;1mSQL (0.5ms)[0m   [0mBEGIN[0m
  [4;36;1mUser Load (8.3ms)[0m   [0;1mSELECT `users`.id FROM `users` WHERE (LOWER(`users`.`login`) = BINARY 'blatyo') LIMIT 1[0m
  [4;35;1mUser Load (0.9ms)[0m   [0mSELECT `users`.id FROM `users` WHERE (`users`.`persistence_token` = BINARY '8b3e88bc8c6cfcee8125316ff9b0e47a8ac32f7b65c4464beb3e5840d166b19bac97eb76706b563b924a6f3e30d82a9a921196070806831b70c22b4879dc7e16') LIMIT 1[0m
  [4;36;1mUser Load (0.8ms)[0m   [0;1mSELECT `users`.id FROM `users` WHERE (`users`.`single_access_token` = BINARY 'mv1ow7zcxCwWUpt2InZh') LIMIT 1[0m
  [4;35;1mSQL (0.5ms)[0m   [0mROLLBACK[0m
Rendering users/new
Rendered users/_form (1.0ms)
Completed in 259ms (View: 17, DB: 17) | 200 OK [http://localhost/account]
  [4;36;1mSQL (1.4ms)[0m   [0;1mSET NAMES 'utf8'[0m
  [4;35;1mSQL (5.8ms)[0m   [0mSET SQL_AUTO_IS_NULL=0[0m


Processing UsersController#show (for 127.0.0.1 at 2010-03-31 13:52:44) [GET]
  Parameters: {"action"=>"show", "controller"=>"users"}
  [4;36;1mUser Columns (5.6ms)[0m   [0;1mSHOW FIELDS FROM `users`[0m
Redirected to http://localhost:3000/user_session/new
Filter chain halted as [:require_user] rendered_or_redirected.
Completed in 457ms (DB: 13) | 302 Found [http://localhost/account]
  [4;35;1mSQL (0.4ms)[0m   [0mSET NAMES 'utf8'[0m
  [4;36;1mSQL (0.4ms)[0m   [0;1mSET SQL_AUTO_IS_NULL=0[0m


Processing UserSessionsController#new (for 127.0.0.1 at 2010-03-31 13:52:45) [GET]
  Parameters: {"action"=>"new", "controller"=>"user_sessions"}
  [4;35;1mUser Columns (2.7ms)[0m   [0mSHOW FIELDS FROM `users`[0m
Rendering user_sessions/new
Completed in 430ms (View: 65, DB: 3) | 200 OK [http://localhost/user_session/new]
  [4;36;1mSQL (0.8ms)[0m   [0;1mSET NAMES 'utf8'[0m
  [4;35;1mSQL (0.4ms)[0m   [0mSET SQL_AUTO_IS_NULL=0[0m


Processing UsersController#new (for 127.0.0.1 at 2010-03-31 13:53:00) [GET]
  Parameters: {"action"=>"new", "controller"=>"users"}
  [4;36;1mUser Columns (3.0ms)[0m   [0;1mSHOW FIELDS FROM `users`[0m
Rendering users/new
Rendered users/_form (8.7ms)
Completed in 130ms (View: 30, DB: 4) | 200 OK [http://localhost/account/new]
  [4;35;1mSQL (0.4ms)[0m   [0mSET NAMES 'utf8'[0m
  [4;36;1mSQL (0.4ms)[0m   [0;1mSET SQL_AUTO_IS_NULL=0[0m


Processing UsersController#create (for 127.0.0.1 at 2010-03-31 13:53:18) [POST]
  Parameters: {"commit"=>"Register", "action"=>"create", "authenticity_token"=>"MJHuwXpyAnjwkJvzwTMaagKwaz6JieSwdW/p9OilkJU=", "controller"=>"users", "user"=>{"password_confirmation"=>"[FILTERED]", "password"=>"[FILTERED]", "login"=>"blatyo", "email"=>"blatyo@gmail.com"}}
  [4;35;1mUser Columns (3.6ms)[0m   [0mSHOW FIELDS FROM `users`[0m
  [4;36;1mSQL (0.4ms)[0m   [0;1mBEGIN[0m
  [4;35;1mUser Load (3.3ms)[0m   [0mSELECT `users`.id FROM `users` WHERE (LOWER(`users`.`email`) = BINARY 'blatyo@gmail.com') LIMIT 1[0m
  [4;36;1mUser Load (0.7ms)[0m   [0;1mSELECT `users`.id FROM `users` WHERE (LOWER(`users`.`login`) = BINARY 'blatyo') LIMIT 1[0m
  [4;35;1mUser Load (0.7ms)[0m   [0mSELECT `users`.id FROM `users` WHERE (`users`.`persistence_token` = BINARY 'f7d4baab072f5e98d7a90f450851aee17fba690a89e90bea20a83e00973a06932695c7c66ccf5be9c5cb600498dd5a1abf7052ef9672b29e9482e5a3f16e3cb8') LIMIT 1[0m
  [4;36;1mUser Load (0.6ms)[0m   [0;1mSELECT `users`.id FROM `users` WHERE (`users`.`single_access_token` = BINARY 'UqtEgkAWHLn2a0IhB2e5') LIMIT 1[0m
  [4;35;1mUser Create (1.3ms)[0m   [0mINSERT INTO `users` (`single_access_token`, `last_request_at`, `created_at`, `crypted_password`, `perishable_token`, `updated_at`, `failed_login_count`, `current_login_ip`, `password_salt`, `current_login_at`, `persistence_token`, `login_count`, `last_login_ip`, `login`, `last_login_at`, `email`) VALUES('UqtEgkAWHLn2a0IhB2e5', '2010-03-31 17:53:18', '2010-03-31 17:53:18', '4741eb85f06a2a382dcdd0b7288cf757d9bc68df7fba3f0f1cc3ff31e03a922152440a95f5afd8cd89129ecb23058ca6b5b97e683a327f3fb4b831e0518a4f1e', '4artupVJ9VNJLocyHwu7', '2010-03-31 17:53:18', 0, '127.0.0.1', '1IA9_vdrfLlbmuJMSKrf', '2010-03-31 17:53:18', 'f7d4baab072f5e98d7a90f450851aee17fba690a89e90bea20a83e00973a06932695c7c66ccf5be9c5cb600498dd5a1abf7052ef9672b29e9482e5a3f16e3cb8', 1, NULL, 'blatyo', NULL, 'blatyo@gmail.com')[0m
  [4;36;1mSQL (33.1ms)[0m   [0;1mCOMMIT[0m
Redirected to http://localhost:3000/account
Completed in 1120ms (DB: 45) | 302 Found [http://localhost/account]
  [4;35;1mSQL (0.4ms)[0m   [0mSET NAMES 'utf8'[0m
  [4;36;1mSQL (0.3ms)[0m   [0;1mSET SQL_AUTO_IS_NULL=0[0m


Processing UsersController#show (for 127.0.0.1 at 2010-03-31 13:53:19) [GET]
  Parameters: {"action"=>"show", "controller"=>"users"}
  [4;35;1mUser Columns (1.9ms)[0m   [0mSHOW FIELDS FROM `users`[0m
  [4;36;1mUser Load (0.9ms)[0m   [0;1mSELECT * FROM `users` WHERE (`users`.`persistence_token` = 'f7d4baab072f5e98d7a90f450851aee17fba690a89e90bea20a83e00973a06932695c7c66ccf5be9c5cb600498dd5a1abf7052ef9672b29e9482e5a3f16e3cb8') LIMIT 1[0m
  [4;35;1mSQL (2.8ms)[0m   [0mBEGIN[0m
  [4;36;1mUser Update (2.3ms)[0m   [0;1mUPDATE `users` SET `updated_at` = '2010-03-31 17:53:19', `perishable_token` = '1n7DbjP9Kx53JDlzsQpP', `last_request_at` = '2010-03-31 17:53:19' WHERE `id` = 1[0m
  [4;35;1mSQL (1.1ms)[0m   [0mCOMMIT[0m
Rendering users/show
Completed in 203ms (View: 19, DB: 10) | 200 OK [http://localhost/account]
  [4;36;1mSQL (0.5ms)[0m   [0;1mSET NAMES 'utf8'[0m
  [4;35;1mSQL (0.3ms)[0m   [0mSET SQL_AUTO_IS_NULL=0[0m


Processing UsersController#edit (for 127.0.0.1 at 2010-03-31 13:53:24) [GET]
  Parameters: {"action"=>"edit", "controller"=>"users"}
  [4;36;1mUser Columns (3.8ms)[0m   [0;1mSHOW FIELDS FROM `users`[0m
  [4;35;1mUser Load (0.9ms)[0m   [0mSELECT * FROM `users` WHERE (`users`.`persistence_token` = 'f7d4baab072f5e98d7a90f450851aee17fba690a89e90bea20a83e00973a06932695c7c66ccf5be9c5cb600498dd5a1abf7052ef9672b29e9482e5a3f16e3cb8') LIMIT 1[0m
  [4;36;1mSQL (1.0ms)[0m   [0;1mBEGIN[0m
  [4;35;1mUser Update (0.8ms)[0m   [0mUPDATE `users` SET `updated_at` = '2010-03-31 17:53:24', `perishable_token` = '0BVQqJAEILLuD6DvgnuP', `last_request_at` = '2010-03-31 17:53:24' WHERE `id` = 1[0m
  [4;36;1mSQL (2.3ms)[0m   [0;1mCOMMIT[0m
Rendering users/edit
Rendered users/_form (2.3ms)
Completed in 125ms (View: 28, DB: 10) | 200 OK [http://localhost/account/edit]
  [4;35;1mSQL (0.5ms)[0m   [0mSET NAMES 'utf8'[0m
  [4;36;1mSQL (0.4ms)[0m   [0;1mSET SQL_AUTO_IS_NULL=0[0m


Processing UsersController#show (for 127.0.0.1 at 2010-03-31 13:53:31) [GET]
  Parameters: {"action"=>"show", "controller"=>"users"}
  [4;35;1mUser Columns (3.7ms)[0m   [0mSHOW FIELDS FROM `users`[0m
  [4;36;1mUser Load (1.7ms)[0m   [0;1mSELECT * FROM `users` WHERE (`users`.`persistence_token` = 'f7d4baab072f5e98d7a90f450851aee17fba690a89e90bea20a83e00973a06932695c7c66ccf5be9c5cb600498dd5a1abf7052ef9672b29e9482e5a3f16e3cb8') LIMIT 1[0m
  [4;35;1mSQL (0.7ms)[0m   [0mBEGIN[0m
  [4;36;1mUser Update (2.4ms)[0m   [0;1mUPDATE `users` SET `updated_at` = '2010-03-31 17:53:31', `perishable_token` = 'p_N5MTlejXJ48YCgDbFY', `last_request_at` = '2010-03-31 17:53:31' WHERE `id` = 1[0m
  [4;35;1mSQL (2.9ms)[0m   [0mCOMMIT[0m
Rendering users/show
Completed in 119ms (View: 11, DB: 12) | 200 OK [http://localhost/account]
